TN:
SF:C:\Users\obioh\OneDrive\Desktop\Vue Apps\negoapp\src\App.vue
FNF:0
FNH:0
DA:10,0
DA:11,0
DA:12,0
LF:3
LH:0
BRF:0
BRH:0
end_of_record
TN:
SF:C:\Users\obioh\OneDrive\Desktop\Vue Apps\negoapp\src\WeatherService.js
FN:5,(anonymous_0)
FN:6,(anonymous_1)
FNF:2
FNH:2
FNDA:4,(anonymous_0)
FNDA:1,(anonymous_1)
DA:3,2
DA:5,2
DA:6,4
DA:7,1
LF:4
LH:4
BRF:0
BRH:0
end_of_record
TN:
SF:C:\Users\obioh\OneDrive\Desktop\Vue Apps\negoapp\src\main.js
FN:7,(anonymous_0)
FNF:1
FNH:0
FNDA:0,(anonymous_0)
DA:4,0
DA:6,0
DA:7,0
LF:3
LH:0
BRF:0
BRH:0
end_of_record
TN:
SF:C:\Users\obioh\OneDrive\Desktop\Vue Apps\negoapp\src\components\Form.vue
FN:18,(anonymous_1)
FN:25,(anonymous_2)
FN:34,(anonymous_3)
FN:37,(anonymous_4)
FNF:4
FNH:3
FNDA:8,(anonymous_1)
FNDA:8,(anonymous_2)
FNDA:2,(anonymous_3)
FNDA:0,(anonymous_4)
DA:19,8
DA:26,8
DA:27,6
DA:29,2
DA:35,2
DA:36,0
DA:37,0
DA:38,0
DA:40,0
DA:42,2
DA:43,1
DA:44,1
DA:45,1
DA:47,1
DA:48,1
DA:49,1
LF:16
LH:12
BRDA:26,0,0,6
BRDA:26,0,1,2
BRDA:35,1,0,0
BRDA:35,1,1,2
BRDA:35,2,0,2
BRDA:35,2,1,2
BRDA:42,3,0,1
BRDA:42,3,1,1
BRF:8
BRH:7
end_of_record
TN:
SF:C:\Users\obioh\OneDrive\Desktop\Vue Apps\negoapp\src\components\Modal.vue
FN:29,(anonymous_1)
FN:45,(anonymous_2)
FN:56,(anonymous_3)
FN:57,(anonymous_4)
FN:65,(anonymous_5)
FN:68,(anonymous_6)
FNF:6
FNH:5
FNDA:4,(anonymous_1)
FNDA:4,(anonymous_2)
FNDA:4,(anonymous_3)
FNDA:1,(anonymous_4)
FNDA:0,(anonymous_5)
FNDA:1,(anonymous_6)
DA:24,2
DA:30,4
DA:46,4
DA:47,4
DA:48,2
DA:49,2
DA:51,2
DA:52,2
DA:57,4
DA:59,1
DA:60,1
DA:61,1
DA:62,1
DA:63,1
DA:64,1
DA:65,0
DA:69,1
DA:70,1
LF:18
LH:17
BRDA:47,0,0,2
BRDA:47,0,1,2
BRF:2
BRH:2
end_of_record
TN:
SF:C:\Users\obioh\OneDrive\Desktop\Vue Apps\negoapp\src\components\Tabs.vue
FN:25,(anonymous_1)
FN:39,(anonymous_2)
FN:48,(anonymous_3)
FN:53,(anonymous_4)
FN:58,(anonymous_5)
FN:62,(anonymous_6)
FN:68,(anonymous_7)
FNF:7
FNH:4
FNDA:5,(anonymous_1)
FNDA:2,(anonymous_2)
FNDA:0,(anonymous_3)
FNDA:0,(anonymous_4)
FNDA:1,(anonymous_5)
FNDA:0,(anonymous_6)
FNDA:1,(anonymous_7)
DA:16,1
DA:17,1
DA:26,5
DA:40,2
DA:41,1
DA:42,1
DA:44,1
DA:45,1
DA:49,0
DA:50,0
DA:51,0
DA:54,0
DA:55,0
DA:56,0
DA:59,1
DA:60,1
DA:61,1
DA:62,1
DA:63,0
DA:65,1
DA:69,1
DA:70,1
DA:71,1
DA:72,1
LF:24
LH:17
BRDA:40,0,0,1
BRDA:40,0,1,1
BRDA:59,1,0,1
BRDA:59,1,1,0
BRDA:59,2,0,1
BRDA:59,2,1,1
BRF:6
BRH:5
end_of_record
TN:
SF:C:\Users\obioh\OneDrive\Desktop\Vue Apps\negoapp\src\components\layouts\Footer.vue
FN:11,(anonymous_1)
FNF:1
FNH:0
FNDA:0,(anonymous_1)
DA:12,0
LF:1
LH:0
BRF:0
BRH:0
end_of_record
